<?xml version="1.0" encoding="UTF-8"?>
<testsuite xmlns:xsi="http://www.w3.org/2001/XMLSchema-instance" xsi:noNamespaceSchemaLocation="https://maven.apache.org/surefire/maven-surefire-plugin/xsd/surefire-test-report-3.0.xsd" version="3.0" name="TestSuite" time="0.947" tests="7" errors="0" skipped="0" failures="0">
  <properties>
    <property name="java.specification.version" value="17"/>
    <property name="sun.jnu.encoding" value="UTF-8"/>
    <property name="java.class.path" value="/home/chief/Desktop/projects/Votify-v2/target/test-classes:/home/chief/Desktop/projects/Votify-v2/target/classes:/home/chief/.m2/repository/org/apache/maven/plugins/maven-jar-plugin/3.3.0/maven-jar-plugin-3.3.0.jar:/home/chief/.m2/repository/org/apache/maven/shared/file-management/3.1.0/file-management-3.1.0.jar:/home/chief/.m2/repository/org/apache/maven/maven-archiver/3.6.0/maven-archiver-3.6.0.jar:/home/chief/.m2/repository/org/codehaus/plexus/plexus-io/3.4.0/plexus-io-3.4.0.jar:/home/chief/.m2/repository/org/codehaus/plexus/plexus-utils/3.4.2/plexus-utils-3.4.2.jar:/home/chief/.m2/repository/org/seleniumhq/selenium/selenium-java/4.17.0/selenium-java-4.17.0.jar:/home/chief/.m2/repository/org/seleniumhq/selenium/selenium-api/4.17.0/selenium-api-4.17.0.jar:/home/chief/.m2/repository/org/seleniumhq/selenium/selenium-chrome-driver/4.17.0/selenium-chrome-driver-4.17.0.jar:/home/chief/.m2/repository/com/google/auto/service/auto-service-annotations/1.1.1/auto-service-annotations-1.1.1.jar:/home/chief/.m2/repository/org/seleniumhq/selenium/selenium-chromium-driver/4.17.0/selenium-chromium-driver-4.17.0.jar:/home/chief/.m2/repository/org/seleniumhq/selenium/selenium-json/4.17.0/selenium-json-4.17.0.jar:/home/chief/.m2/repository/org/seleniumhq/selenium/selenium-manager/4.17.0/selenium-manager-4.17.0.jar:/home/chief/.m2/repository/org/seleniumhq/selenium/selenium-devtools-v119/4.17.0/selenium-devtools-v119-4.17.0.jar:/home/chief/.m2/repository/org/seleniumhq/selenium/selenium-devtools-v120/4.17.0/selenium-devtools-v120-4.17.0.jar:/home/chief/.m2/repository/org/seleniumhq/selenium/selenium-devtools-v121/4.17.0/selenium-devtools-v121-4.17.0.jar:/home/chief/.m2/repository/org/seleniumhq/selenium/selenium-devtools-v85/4.17.0/selenium-devtools-v85-4.17.0.jar:/home/chief/.m2/repository/org/seleniumhq/selenium/selenium-edge-driver/4.17.0/selenium-edge-driver-4.17.0.jar:/home/chief/.m2/repository/org/seleniumhq/selenium/selenium-firefox-driver/4.17.0/selenium-firefox-driver-4.17.0.jar:/home/chief/.m2/repository/org/seleniumhq/selenium/selenium-http/4.17.0/selenium-http-4.17.0.jar:/home/chief/.m2/repository/dev/failsafe/failsafe/3.3.2/failsafe-3.3.2.jar:/home/chief/.m2/repository/org/seleniumhq/selenium/selenium-ie-driver/4.17.0/selenium-ie-driver-4.17.0.jar:/home/chief/.m2/repository/org/seleniumhq/selenium/selenium-remote-driver/4.17.0/selenium-remote-driver-4.17.0.jar:/home/chief/.m2/repository/com/google/guava/guava/33.0.0-jre/guava-33.0.0-jre.jar:/home/chief/.m2/repository/com/google/guava/failureaccess/1.0.2/failureaccess-1.0.2.jar:/home/chief/.m2/repository/com/google/guava/listenablefuture/9999.0-empty-to-avoid-conflict-with-guava/listenablefuture-9999.0-empty-to-avoid-conflict-with-guava.jar:/home/chief/.m2/repository/com/google/code/findbugs/jsr305/3.0.2/jsr305-3.0.2.jar:/home/chief/.m2/repository/org/checkerframework/checker-qual/3.41.0/checker-qual-3.41.0.jar:/home/chief/.m2/repository/com/google/errorprone/error_prone_annotations/2.23.0/error_prone_annotations-2.23.0.jar:/home/chief/.m2/repository/com/google/j2objc/j2objc-annotations/2.8/j2objc-annotations-2.8.jar:/home/chief/.m2/repository/io/opentelemetry/semconv/opentelemetry-semconv/1.23.1-alpha/opentelemetry-semconv-1.23.1-alpha.jar:/home/chief/.m2/repository/io/opentelemetry/opentelemetry-api/1.34.1/opentelemetry-api-1.34.1.jar:/home/chief/.m2/repository/io/opentelemetry/opentelemetry-context/1.34.1/opentelemetry-context-1.34.1.jar:/home/chief/.m2/repository/io/opentelemetry/opentelemetry-exporter-logging/1.34.1/opentelemetry-exporter-logging-1.34.1.jar:/home/chief/.m2/repository/io/opentelemetry/opentelemetry-sdk-common/1.34.1/opentelemetry-sdk-common-1.34.1.jar:/home/chief/.m2/repository/io/opentelemetry/opentelemetry-sdk-extension-autoconfigure-spi/1.34.1/opentelemetry-sdk-extension-autoconfigure-spi-1.34.1.jar:/home/chief/.m2/repository/io/opentelemetry/opentelemetry-sdk-extension-autoconfigure/1.34.1/opentelemetry-sdk-extension-autoconfigure-1.34.1.jar:/home/chief/.m2/repository/io/opentelemetry/opentelemetry-api-events/1.34.1-alpha/opentelemetry-api-events-1.34.1-alpha.jar:/home/chief/.m2/repository/io/opentelemetry/opentelemetry-sdk-trace/1.34.1/opentelemetry-sdk-trace-1.34.1.jar:/home/chief/.m2/repository/io/opentelemetry/opentelemetry-sdk/1.34.1/opentelemetry-sdk-1.34.1.jar:/home/chief/.m2/repository/io/opentelemetry/opentelemetry-sdk-metrics/1.34.1/opentelemetry-sdk-metrics-1.34.1.jar:/home/chief/.m2/repository/io/opentelemetry/opentelemetry-extension-incubator/1.34.1-alpha/opentelemetry-extension-incubator-1.34.1-alpha.jar:/home/chief/.m2/repository/io/opentelemetry/opentelemetry-sdk-logs/1.34.1/opentelemetry-sdk-logs-1.34.1.jar:/home/chief/.m2/repository/org/seleniumhq/selenium/selenium-os/4.17.0/selenium-os-4.17.0.jar:/home/chief/.m2/repository/org/apache/commons/commons-exec/1.3/commons-exec-1.3.jar:/home/chief/.m2/repository/org/seleniumhq/selenium/selenium-safari-driver/4.17.0/selenium-safari-driver-4.17.0.jar:/home/chief/.m2/repository/org/seleniumhq/selenium/selenium-support/4.17.0/selenium-support-4.17.0.jar:/home/chief/.m2/repository/org/testng/testng/7.8.0/testng-7.8.0.jar:/home/chief/.m2/repository/org/slf4j/slf4j-api/1.7.36/slf4j-api-1.7.36.jar:/home/chief/.m2/repository/com/beust/jcommander/1.82/jcommander-1.82.jar:/home/chief/.m2/repository/org/webjars/jquery/3.6.1/jquery-3.6.1.jar:/home/chief/.m2/repository/org/mockito/mockito-core/5.10.0/mockito-core-5.10.0.jar:/home/chief/.m2/repository/net/bytebuddy/byte-buddy/1.14.11/byte-buddy-1.14.11.jar:/home/chief/.m2/repository/net/bytebuddy/byte-buddy-agent/1.14.11/byte-buddy-agent-1.14.11.jar:/home/chief/.m2/repository/org/objenesis/objenesis/3.3/objenesis-3.3.jar:/home/chief/.m2/repository/io/github/cdimascio/java-dotenv/5.2.1/java-dotenv-5.2.1.jar:/home/chief/.m2/repository/org/jetbrains/kotlin/kotlin-stdlib/1.3.72/kotlin-stdlib-1.3.72.jar:/home/chief/.m2/repository/org/jetbrains/kotlin/kotlin-stdlib-common/1.3.72/kotlin-stdlib-common-1.3.72.jar:/home/chief/.m2/repository/org/jetbrains/annotations/13.0/annotations-13.0.jar:/home/chief/.m2/repository/com/cloudinary/cloudinary-core/1.36.0/cloudinary-core-1.36.0.jar:/home/chief/.m2/repository/org/apache/maven/plugins/maven-war-plugin/3.4.0/maven-war-plugin-3.4.0.jar:/home/chief/.m2/repository/org/apache/maven/shared/maven-shared-utils/3.4.2/maven-shared-utils-3.4.2.jar:/home/chief/.m2/repository/commons-io/commons-io/2.13.0/commons-io-2.13.0.jar:/home/chief/.m2/repository/org/codehaus/plexus/plexus-archiver/4.7.1/plexus-archiver-4.7.1.jar:/home/chief/.m2/repository/javax/inject/javax.inject/1/javax.inject-1.jar:/home/chief/.m2/repository/org/apache/commons/commons-compress/1.23.0/commons-compress-1.23.0.jar:/home/chief/.m2/repository/org/iq80/snappy/snappy/0.4/snappy-0.4.jar:/home/chief/.m2/repository/org/tukaani/xz/1.9/xz-1.9.jar:/home/chief/.m2/repository/com/github/luben/zstd-jni/1.5.5-2/zstd-jni-1.5.5-2.jar:/home/chief/.m2/repository/org/codehaus/plexus/plexus-interpolation/1.26/plexus-interpolation-1.26.jar:/home/chief/.m2/repository/org/apache/maven/shared/maven-filtering/3.3.1/maven-filtering-3.3.1.jar:/home/chief/.m2/repository/org/sonatype/plexus/plexus-build-api/0.0.7/plexus-build-api-0.0.7.jar:/home/chief/.m2/repository/org/apache/maven/shared/maven-mapping/3.0.0/maven-mapping-3.0.0.jar:/home/chief/.m2/repository/org/apache/maven/maven-core/3.0/maven-core-3.0.jar:/home/chief/.m2/repository/org/apache/maven/maven-model/3.0/maven-model-3.0.jar:/home/chief/.m2/repository/org/apache/maven/maven-settings/3.0/maven-settings-3.0.jar:/home/chief/.m2/repository/org/apache/maven/maven-settings-builder/3.0/maven-settings-builder-3.0.jar:/home/chief/.m2/repository/org/apache/maven/maven-repository-metadata/3.0/maven-repository-metadata-3.0.jar:/home/chief/.m2/repository/org/apache/maven/maven-artifact/3.0/maven-artifact-3.0.jar:/home/chief/.m2/repository/org/apache/maven/maven-plugin-api/3.0/maven-plugin-api-3.0.jar:/home/chief/.m2/repository/org/apache/maven/maven-model-builder/3.0/maven-model-builder-3.0.jar:/home/chief/.m2/repository/org/apache/maven/maven-aether-provider/3.0/maven-aether-provider-3.0.jar:/home/chief/.m2/repository/org/sonatype/aether/aether-impl/1.7/aether-impl-1.7.jar:/home/chief/.m2/repository/org/sonatype/aether/aether-spi/1.7/aether-spi-1.7.jar:/home/chief/.m2/repository/org/sonatype/aether/aether-api/1.7/aether-api-1.7.jar:/home/chief/.m2/repository/org/sonatype/aether/aether-util/1.7/aether-util-1.7.jar:/home/chief/.m2/repository/org/sonatype/sisu/sisu-inject-plexus/1.4.2/sisu-inject-plexus-1.4.2.jar:/home/chief/.m2/repository/org/sonatype/sisu/sisu-inject-bean/1.4.2/sisu-inject-bean-1.4.2.jar:/home/chief/.m2/repository/org/sonatype/sisu/sisu-guice/2.1.7/sisu-guice-2.1.7-noaop.jar:/home/chief/.m2/repository/org/codehaus/plexus/plexus-classworlds/2.2.3/plexus-classworlds-2.2.3.jar:/home/chief/.m2/repository/org/codehaus/plexus/plexus-component-annotations/1.5.5/plexus-component-annotations-1.5.5.jar:/home/chief/.m2/repository/org/sonatype/plexus/plexus-sec-dispatcher/1.3/plexus-sec-dispatcher-1.3.jar:/home/chief/.m2/repository/org/sonatype/plexus/plexus-cipher/1.4/plexus-cipher-1.4.jar:/home/chief/.m2/repository/com/fasterxml/jackson/core/jackson-databind/2.12.5/jackson-databind-2.12.5.jar:/home/chief/.m2/repository/com/fasterxml/jackson/core/jackson-annotations/2.12.5/jackson-annotations-2.12.5.jar:/home/chief/.m2/repository/com/fasterxml/jackson/core/jackson-core/2.12.5/jackson-core-2.12.5.jar:/home/chief/.m2/repository/javax/javaee-api/8.0.1/javaee-api-8.0.1.jar:/home/chief/.m2/repository/com/sun/mail/javax.mail/1.6.2/javax.mail-1.6.2.jar:/home/chief/.m2/repository/javax/activation/activation/1.1/activation-1.1.jar:/home/chief/.m2/repository/org/wildfly/core/wildfly-server/23.0.0.Final/wildfly-server-23.0.0.Final.jar:/home/chief/.m2/repository/org/wildfly/core/wildfly-controller/23.0.0.Final/wildfly-controller-23.0.0.Final.jar:/home/chief/.m2/repository/org/wildfly/core/wildfly-controller-client/23.0.0.Final/wildfly-controller-client-23.0.0.Final.jar:/home/chief/.m2/repository/org/wildfly/core/wildfly-core-security/23.0.0.Final/wildfly-core-security-23.0.0.Final.jar:/home/chief/.m2/repository/org/wildfly/security/wildfly-elytron-auth/2.2.3.Final/wildfly-elytron-auth-2.2.3.Final.jar:/home/chief/.m2/repository/org/wildfly/security/wildfly-elytron-credential-source-impl/2.2.3.Final/wildfly-elytron-credential-source-impl-2.2.3.Final.jar:/home/chief/.m2/repository/org/wildfly/security/wildfly-elytron-password-impl/2.2.3.Final/wildfly-elytron-password-impl-2.2.3.Final.jar:/home/chief/.m2/repository/org/wildfly/security/wildfly-elytron-permission/2.2.3.Final/wildfly-elytron-permission-2.2.3.Final.jar:/home/chief/.m2/repository/org/wildfly/security/wildfly-elytron-sasl/2.2.3.Final/wildfly-elytron-sasl-2.2.3.Final.jar:/home/chief/.m2/repository/org/wildfly/security/wildfly-elytron-ssl/2.2.3.Final/wildfly-elytron-ssl-2.2.3.Final.jar:/home/chief/.m2/repository/org/wildfly/security/wildfly-elytron-util/2.2.3.Final/wildfly-elytron-util-2.2.3.Final.jar:/home/chief/.m2/repository/org/wildfly/security/wildfly-elytron-x500-cert-acme/2.2.3.Final/wildfly-elytron-x500-cert-acme-2.2.3.Final.jar:/home/chief/.m2/repository/org/wildfly/security/wildfly-elytron-x500-cert/2.2.3.Final/wildfly-elytron-x500-cert-2.2.3.Final.jar:/home/chief/.m2/repository/org/wildfly/security/wildfly-elytron-x500-cert-util/2.2.3.Final/wildfly-elytron-x500-cert-util-2.2.3.Final.jar:/home/chief/.m2/repository/org/wildfly/core/wildfly-service/23.0.0.Final/wildfly-service-23.0.0.Final.jar:/home/chief/.m2/repository/org/jboss/logmanager/jboss-logmanager/2.1.19.Final/jboss-logmanager-2.1.19.Final.jar:/home/chief/.m2/repository/org/jboss/staxmapper/1.5.0.Final/staxmapper-1.5.0.Final.jar:/home/chief/.m2/repository/org/projectodd/vdx/vdx-wildfly/1.1.6/vdx-wildfly-1.1.6.jar:/home/chief/.m2/repository/org/projectodd/vdx/vdx-core/1.1.6/vdx-core-1.1.6.jar:/home/chief/.m2/repository/org/yaml/snakeyaml/2.2/snakeyaml-2.2.jar:/home/chief/.m2/repository/org/wildfly/core/wildfly-core-management-client/23.0.0.Final/wildfly-core-management-client-23.0.0.Final.jar:/home/chief/.m2/repository/org/wildfly/core/wildfly-domain-http-interface/23.0.0.Final/wildfly-domain-http-interface-23.0.0.Final.jar:/home/chief/.m2/repository/org/wildfly/core/wildfly-domain-management/23.0.0.Final/wildfly-domain-management-23.0.0.Final.jar:/home/chief/.m2/repository/org/wildfly/security/wildfly-elytron-http-util/2.2.3.Final/wildfly-elytron-http-util-2.2.3.Final.jar:/home/chief/.m2/repository/org/wildfly/security/wildfly-elytron-sasl-digest/2.2.3.Final/wildfly-elytron-sasl-digest-2.2.3.Final.jar:/home/chief/.m2/repository/org/wildfly/security/wildfly-elytron-mechanism-digest/2.2.3.Final/wildfly-elytron-mechanism-digest-2.2.3.Final.jar:/home/chief/.m2/repository/org/wildfly/security/wildfly-elytron-http/2.2.3.Final/wildfly-elytron-http-2.2.3.Final.jar:/home/chief/.m2/repository/org/wildfly/security/elytron-web/undertow-server/4.0.0.Final/undertow-server-4.0.0.Final.jar:/home/chief/.m2/repository/org/wildfly/core/wildfly-deployment-repository/23.0.0.Final/wildfly-deployment-repository-23.0.0.Final.jar:/home/chief/.m2/repository/org/wildfly/core/wildfly-protocol/23.0.0.Final/wildfly-protocol-23.0.0.Final.jar:/home/chief/.m2/repository/org/wildfly/security/wildfly-elytron-sasl-localuser/2.2.3.Final/wildfly-elytron-sasl-localuser-2.2.3.Final.jar:/home/chief/.m2/repository/org/wildfly/core/wildfly-platform-mbean/23.0.0.Final/wildfly-platform-mbean-23.0.0.Final.jar:/home/chief/.m2/repository/org/wildfly/core/wildfly-process-controller/23.0.0.Final/wildfly-process-controller-23.0.0.Final.jar:/home/chief/.m2/repository/org/wildfly/core/wildfly-remoting/23.0.0.Final/wildfly-remoting-23.0.0.Final.jar:/home/chief/.m2/repository/org/wildfly/core/wildfly-io/23.0.0.Final/wildfly-io-23.0.0.Final.jar:/home/chief/.m2/repository/org/wildfly/security/wildfly-elytron-audit/2.2.3.Final/wildfly-elytron-audit-2.2.3.Final.jar:/home/chief/.m2/repository/org/wildfly/security/wildfly-elytron-auth-server-http/2.2.3.Final/wildfly-elytron-auth-server-http-2.2.3.Final.jar:/home/chief/.m2/repository/org/wildfly/security/wildfly-elytron-auth-server-sasl/2.2.3.Final/wildfly-elytron-auth-server-sasl-2.2.3.Final.jar:/home/chief/.m2/repository/org/wildfly/security/wildfly-elytron-auth-server-deprecated/2.2.3.Final/wildfly-elytron-auth-server-deprecated-2.2.3.Final.jar:/home/chief/.m2/repository/org/wildfly/security/wildfly-elytron-auth-util/2.2.3.Final/wildfly-elytron-auth-util-2.2.3.Final.jar:/home/chief/.m2/repository/org/wildfly/security/wildfly-elytron-mechanism-gssapi/2.2.3.Final/wildfly-elytron-mechanism-gssapi-2.2.3.Final.jar:/home/chief/.m2/repository/org/wildfly/security/wildfly-elytron-sasl-anonymous/2.2.3.Final/wildfly-elytron-sasl-anonymous-2.2.3.Final.jar:/home/chief/.m2/repository/org/jboss/xnio/xnio-api/3.8.12.Final/xnio-api-3.8.12.Final.jar:/home/chief/.m2/repository/org/wildfly/core/wildfly-network/23.0.0.Final/wildfly-network-23.0.0.Final.jar:/home/chief/.m2/repository/org/wildfly/security/wildfly-elytron-auth-server/2.2.3.Final/wildfly-elytron-auth-server-2.2.3.Final.jar:/home/chief/.m2/repository/org/wildfly/security/wildfly-elytron-base/2.2.3.Final/wildfly-elytron-base-2.2.3.Final.jar:/home/chief/.m2/repository/org/wildfly/security/wildfly-elytron-x500/2.2.3.Final/wildfly-elytron-x500-2.2.3.Final.jar:/home/chief/.m2/repository/org/wildfly/security/wildfly-elytron-client/2.2.3.Final/wildfly-elytron-client-2.2.3.Final.jar:/home/chief/.m2/repository/org/wildfly/security/wildfly-elytron-credential-store/2.2.3.Final/wildfly-elytron-credential-store-2.2.3.Final.jar:/home/chief/.m2/repository/org/wildfly/security/wildfly-elytron-encryption/2.2.3.Final/wildfly-elytron-encryption-2.2.3.Final.jar:/home/chief/.m2/repository/org/wildfly/security/wildfly-elytron-keystore/2.2.3.Final/wildfly-elytron-keystore-2.2.3.Final.jar:/home/chief/.m2/repository/org/wildfly/security/wildfly-elytron-mechanism/2.2.3.Final/wildfly-elytron-mechanism-2.2.3.Final.jar:/home/chief/.m2/repository/org/wildfly/security/wildfly-elytron-provider-util/2.2.3.Final/wildfly-elytron-provider-util-2.2.3.Final.jar:/home/chief/.m2/repository/org/wildfly/security/wildfly-elytron-ssh-util/2.2.3.Final/wildfly-elytron-ssh-util-2.2.3.Final.jar:/home/chief/.m2/repository/org/wildfly/security/wildfly-elytron-credential/2.2.3.Final/wildfly-elytron-credential-2.2.3.Final.jar:/home/chief/.m2/repository/org/wildfly/security/wildfly-elytron-asn1/2.2.3.Final/wildfly-elytron-asn1-2.2.3.Final.jar:/home/chief/.m2/repository/org/wildfly/security/wildfly-elytron-security-manager/2.2.3.Final/wildfly-elytron-security-manager-2.2.3.Final.jar:/home/chief/.m2/repository/org/wildfly/security/wildfly-elytron-security-manager-action/2.2.3.Final/wildfly-elytron-security-manager-action-2.2.3.Final.jar:/home/chief/.m2/repository/org/wildfly/core/wildfly-version/23.0.0.Final/wildfly-version-23.0.0.Final.jar:/home/chief/.m2/repository/io/smallrye/jandex/3.1.6/jandex-3.1.6.jar:/home/chief/.m2/repository/org/jboss/jboss-dmr/1.7.0.Final/jboss-dmr-1.7.0.Final.jar:/home/chief/.m2/repository/org/jboss/classfilewriter/jboss-classfilewriter/1.3.0.Final/jboss-classfilewriter-1.3.0.Final.jar:/home/chief/.m2/repository/org/jboss/invocation/jboss-invocation/2.0.0.Final/jboss-invocation-2.0.0.Final.jar:/home/chief/.m2/repository/org/jboss/logging/jboss-logging/3.5.3.Final/jboss-logging-3.5.3.Final.jar:/home/chief/.m2/repository/org/jboss/marshalling/jboss-marshalling/2.1.3.SP1/jboss-marshalling-2.1.3.SP1.jar:/home/chief/.m2/repository/org/jboss/modules/jboss-modules/2.1.2.Final/jboss-modules-2.1.2.Final.jar:/home/chief/.m2/repository/org/jboss/msc/jboss-msc/1.5.2.Final/jboss-msc-1.5.2.Final.jar:/home/chief/.m2/repository/org/jboss/remoting/jboss-remoting/5.0.27.Final/jboss-remoting-5.0.27.Final.jar:/home/chief/.m2/repository/org/wildfly/client/wildfly-client-config/1.0.1.Final/wildfly-client-config-1.0.1.Final.jar:/home/chief/.m2/repository/org/wildfly/security/wildfly-elytron-sasl-auth-util/1.20.2.Final/wildfly-elytron-sasl-auth-util-1.20.2.Final.jar:/home/chief/.m2/repository/org/wildfly/security/wildfly-elytron-realm/1.20.2.Final/wildfly-elytron-realm-1.20.2.Final.jar:/home/chief/.m2/repository/org/jboss/stdio/jboss-stdio/1.1.0.Final/jboss-stdio-1.1.0.Final.jar:/home/chief/.m2/repository/org/jboss/threads/jboss-threads/2.4.0.Final/jboss-threads-2.4.0.Final.jar:/home/chief/.m2/repository/org/jboss/jboss-vfs/3.3.0.Final/jboss-vfs-3.3.0.Final.jar:/home/chief/.m2/repository/io/undertow/undertow-core/2.3.10.Final/undertow-core-2.3.10.Final.jar:/home/chief/.m2/repository/org/jboss/xnio/xnio-nio/3.8.8.Final/xnio-nio-3.8.8.Final.jar:/home/chief/.m2/repository/org/wildfly/common/wildfly-common/1.7.0.Final/wildfly-common-1.7.0.Final.jar:/home/chief/.m2/repository/org/eclipse/jgit/org.eclipse.jgit.ssh.apache/6.8.0.202311291450-r/org.eclipse.jgit.ssh.apache-6.8.0.202311291450-r.jar:/home/chief/.m2/repository/org/eclipse/jgit/org.eclipse.jgit/6.8.0.202311291450-r/org.eclipse.jgit-6.8.0.202311291450-r.jar:/home/chief/.m2/repository/com/googlecode/javaewah/JavaEWAH/1.2.3/JavaEWAH-1.2.3.jar:/home/chief/.m2/repository/org/apache/sshd/sshd-common/2.11.0/sshd-common-2.11.0.jar:/home/chief/.m2/repository/org/apache/sshd/sshd-core/2.11.0/sshd-core-2.11.0.jar:/home/chief/.m2/repository/commons-beanutils/commons-beanutils/1.9.4/commons-beanutils-1.9.4.jar:/home/chief/.m2/repository/commons-logging/commons-logging/1.2/commons-logging-1.2.jar:/home/chief/.m2/repository/commons-collections/commons-collections/3.2.2/commons-collections-3.2.2.jar:/home/chief/.m2/repository/org/apache/commons/commons-lang3/3.13.0/commons-lang3-3.13.0.jar:/home/chief/.m2/repository/javax/servlet/javax.servlet-api/4.0.1/javax.servlet-api-4.0.1.jar:/home/chief/.m2/repository/mysql/mysql-connector-java/8.0.28/mysql-connector-java-8.0.28.jar:/home/chief/.m2/repository/com/google/protobuf/protobuf-java/3.11.4/protobuf-java-3.11.4.jar:/home/chief/.m2/repository/org/hibernate/hibernate-core/5.6.15.Final/hibernate-core-5.6.15.Final.jar:/home/chief/.m2/repository/javax/persistence/javax.persistence-api/2.2/javax.persistence-api-2.2.jar:/home/chief/.m2/repository/antlr/antlr/2.7.7/antlr-2.7.7.jar:/home/chief/.m2/repository/org/jboss/spec/javax/transaction/jboss-transaction-api_1.2_spec/1.1.1.Final/jboss-transaction-api_1.2_spec-1.1.1.Final.jar:/home/chief/.m2/repository/org/jboss/jandex/2.4.2.Final/jandex-2.4.2.Final.jar:/home/chief/.m2/repository/com/fasterxml/classmate/1.5.1/classmate-1.5.1.jar:/home/chief/.m2/repository/javax/activation/javax.activation-api/1.2.0/javax.activation-api-1.2.0.jar:/home/chief/.m2/repository/org/hibernate/common/hibernate-commons-annotations/5.1.2.Final/hibernate-commons-annotations-5.1.2.Final.jar:/home/chief/.m2/repository/javax/xml/bind/jaxb-api/2.3.1/jaxb-api-2.3.1.jar:/home/chief/.m2/repository/org/glassfish/jaxb/jaxb-runtime/2.3.1/jaxb-runtime-2.3.1.jar:/home/chief/.m2/repository/org/glassfish/jaxb/txw2/2.3.1/txw2-2.3.1.jar:/home/chief/.m2/repository/com/sun/istack/istack-commons-runtime/3.0.7/istack-commons-runtime-3.0.7.jar:/home/chief/.m2/repository/org/jvnet/staxex/stax-ex/1.8/stax-ex-1.8.jar:/home/chief/.m2/repository/com/sun/xml/fastinfoset/FastInfoset/1.2.15/FastInfoset-1.2.15.jar:"/>
    <property name="java.vm.vendor" value="Oracle Corporation"/>
    <property name="sun.arch.data.model" value="64"/>
    <property name="java.vendor.url" value="https://java.oracle.com/"/>
    <property name="user.timezone" value="Africa/Nairobi"/>
    <property name="os.name" value="Linux"/>
    <property name="java.vm.specification.version" value="17"/>
    <property name="sun.java.launcher" value="SUN_STANDARD"/>
    <property name="user.country" value="US"/>
    <property name="sun.boot.library.path" value="/usr/lib/jvm/jdk-17-oracle-x64/lib"/>
    <property name="sun.java.command" value="/home/chief/Desktop/projects/Votify-v2/target/surefire/surefirebooter4766144772634688841.jar /home/chief/Desktop/projects/Votify-v2/target/surefire 2024-02-19T18-35-48_797-jvmRun1 surefire894645661181622127tmp surefire_015884320062118223356tmp"/>
    <property name="jdk.debug" value="release"/>
    <property name="surefire.test.class.path" value="/home/chief/Desktop/projects/Votify-v2/target/test-classes:/home/chief/Desktop/projects/Votify-v2/target/classes:/home/chief/.m2/repository/org/apache/maven/plugins/maven-jar-plugin/3.3.0/maven-jar-plugin-3.3.0.jar:/home/chief/.m2/repository/org/apache/maven/shared/file-management/3.1.0/file-management-3.1.0.jar:/home/chief/.m2/repository/org/apache/maven/maven-archiver/3.6.0/maven-archiver-3.6.0.jar:/home/chief/.m2/repository/org/codehaus/plexus/plexus-io/3.4.0/plexus-io-3.4.0.jar:/home/chief/.m2/repository/org/codehaus/plexus/plexus-utils/3.4.2/plexus-utils-3.4.2.jar:/home/chief/.m2/repository/org/seleniumhq/selenium/selenium-java/4.17.0/selenium-java-4.17.0.jar:/home/chief/.m2/repository/org/seleniumhq/selenium/selenium-api/4.17.0/selenium-api-4.17.0.jar:/home/chief/.m2/repository/org/seleniumhq/selenium/selenium-chrome-driver/4.17.0/selenium-chrome-driver-4.17.0.jar:/home/chief/.m2/repository/com/google/auto/service/auto-service-annotations/1.1.1/auto-service-annotations-1.1.1.jar:/home/chief/.m2/repository/org/seleniumhq/selenium/selenium-chromium-driver/4.17.0/selenium-chromium-driver-4.17.0.jar:/home/chief/.m2/repository/org/seleniumhq/selenium/selenium-json/4.17.0/selenium-json-4.17.0.jar:/home/chief/.m2/repository/org/seleniumhq/selenium/selenium-manager/4.17.0/selenium-manager-4.17.0.jar:/home/chief/.m2/repository/org/seleniumhq/selenium/selenium-devtools-v119/4.17.0/selenium-devtools-v119-4.17.0.jar:/home/chief/.m2/repository/org/seleniumhq/selenium/selenium-devtools-v120/4.17.0/selenium-devtools-v120-4.17.0.jar:/home/chief/.m2/repository/org/seleniumhq/selenium/selenium-devtools-v121/4.17.0/selenium-devtools-v121-4.17.0.jar:/home/chief/.m2/repository/org/seleniumhq/selenium/selenium-devtools-v85/4.17.0/selenium-devtools-v85-4.17.0.jar:/home/chief/.m2/repository/org/seleniumhq/selenium/selenium-edge-driver/4.17.0/selenium-edge-driver-4.17.0.jar:/home/chief/.m2/repository/org/seleniumhq/selenium/selenium-firefox-driver/4.17.0/selenium-firefox-driver-4.17.0.jar:/home/chief/.m2/repository/org/seleniumhq/selenium/selenium-http/4.17.0/selenium-http-4.17.0.jar:/home/chief/.m2/repository/dev/failsafe/failsafe/3.3.2/failsafe-3.3.2.jar:/home/chief/.m2/repository/org/seleniumhq/selenium/selenium-ie-driver/4.17.0/selenium-ie-driver-4.17.0.jar:/home/chief/.m2/repository/org/seleniumhq/selenium/selenium-remote-driver/4.17.0/selenium-remote-driver-4.17.0.jar:/home/chief/.m2/repository/com/google/guava/guava/33.0.0-jre/guava-33.0.0-jre.jar:/home/chief/.m2/repository/com/google/guava/failureaccess/1.0.2/failureaccess-1.0.2.jar:/home/chief/.m2/repository/com/google/guava/listenablefuture/9999.0-empty-to-avoid-conflict-with-guava/listenablefuture-9999.0-empty-to-avoid-conflict-with-guava.jar:/home/chief/.m2/repository/com/google/code/findbugs/jsr305/3.0.2/jsr305-3.0.2.jar:/home/chief/.m2/repository/org/checkerframework/checker-qual/3.41.0/checker-qual-3.41.0.jar:/home/chief/.m2/repository/com/google/errorprone/error_prone_annotations/2.23.0/error_prone_annotations-2.23.0.jar:/home/chief/.m2/repository/com/google/j2objc/j2objc-annotations/2.8/j2objc-annotations-2.8.jar:/home/chief/.m2/repository/io/opentelemetry/semconv/opentelemetry-semconv/1.23.1-alpha/opentelemetry-semconv-1.23.1-alpha.jar:/home/chief/.m2/repository/io/opentelemetry/opentelemetry-api/1.34.1/opentelemetry-api-1.34.1.jar:/home/chief/.m2/repository/io/opentelemetry/opentelemetry-context/1.34.1/opentelemetry-context-1.34.1.jar:/home/chief/.m2/repository/io/opentelemetry/opentelemetry-exporter-logging/1.34.1/opentelemetry-exporter-logging-1.34.1.jar:/home/chief/.m2/repository/io/opentelemetry/opentelemetry-sdk-common/1.34.1/opentelemetry-sdk-common-1.34.1.jar:/home/chief/.m2/repository/io/opentelemetry/opentelemetry-sdk-extension-autoconfigure-spi/1.34.1/opentelemetry-sdk-extension-autoconfigure-spi-1.34.1.jar:/home/chief/.m2/repository/io/opentelemetry/opentelemetry-sdk-extension-autoconfigure/1.34.1/opentelemetry-sdk-extension-autoconfigure-1.34.1.jar:/home/chief/.m2/repository/io/opentelemetry/opentelemetry-api-events/1.34.1-alpha/opentelemetry-api-events-1.34.1-alpha.jar:/home/chief/.m2/repository/io/opentelemetry/opentelemetry-sdk-trace/1.34.1/opentelemetry-sdk-trace-1.34.1.jar:/home/chief/.m2/repository/io/opentelemetry/opentelemetry-sdk/1.34.1/opentelemetry-sdk-1.34.1.jar:/home/chief/.m2/repository/io/opentelemetry/opentelemetry-sdk-metrics/1.34.1/opentelemetry-sdk-metrics-1.34.1.jar:/home/chief/.m2/repository/io/opentelemetry/opentelemetry-extension-incubator/1.34.1-alpha/opentelemetry-extension-incubator-1.34.1-alpha.jar:/home/chief/.m2/repository/io/opentelemetry/opentelemetry-sdk-logs/1.34.1/opentelemetry-sdk-logs-1.34.1.jar:/home/chief/.m2/repository/org/seleniumhq/selenium/selenium-os/4.17.0/selenium-os-4.17.0.jar:/home/chief/.m2/repository/org/apache/commons/commons-exec/1.3/commons-exec-1.3.jar:/home/chief/.m2/repository/org/seleniumhq/selenium/selenium-safari-driver/4.17.0/selenium-safari-driver-4.17.0.jar:/home/chief/.m2/repository/org/seleniumhq/selenium/selenium-support/4.17.0/selenium-support-4.17.0.jar:/home/chief/.m2/repository/org/testng/testng/7.8.0/testng-7.8.0.jar:/home/chief/.m2/repository/org/slf4j/slf4j-api/1.7.36/slf4j-api-1.7.36.jar:/home/chief/.m2/repository/com/beust/jcommander/1.82/jcommander-1.82.jar:/home/chief/.m2/repository/org/webjars/jquery/3.6.1/jquery-3.6.1.jar:/home/chief/.m2/repository/org/mockito/mockito-core/5.10.0/mockito-core-5.10.0.jar:/home/chief/.m2/repository/net/bytebuddy/byte-buddy/1.14.11/byte-buddy-1.14.11.jar:/home/chief/.m2/repository/net/bytebuddy/byte-buddy-agent/1.14.11/byte-buddy-agent-1.14.11.jar:/home/chief/.m2/repository/org/objenesis/objenesis/3.3/objenesis-3.3.jar:/home/chief/.m2/repository/io/github/cdimascio/java-dotenv/5.2.1/java-dotenv-5.2.1.jar:/home/chief/.m2/repository/org/jetbrains/kotlin/kotlin-stdlib/1.3.72/kotlin-stdlib-1.3.72.jar:/home/chief/.m2/repository/org/jetbrains/kotlin/kotlin-stdlib-common/1.3.72/kotlin-stdlib-common-1.3.72.jar:/home/chief/.m2/repository/org/jetbrains/annotations/13.0/annotations-13.0.jar:/home/chief/.m2/repository/com/cloudinary/cloudinary-core/1.36.0/cloudinary-core-1.36.0.jar:/home/chief/.m2/repository/org/apache/maven/plugins/maven-war-plugin/3.4.0/maven-war-plugin-3.4.0.jar:/home/chief/.m2/repository/org/apache/maven/shared/maven-shared-utils/3.4.2/maven-shared-utils-3.4.2.jar:/home/chief/.m2/repository/commons-io/commons-io/2.13.0/commons-io-2.13.0.jar:/home/chief/.m2/repository/org/codehaus/plexus/plexus-archiver/4.7.1/plexus-archiver-4.7.1.jar:/home/chief/.m2/repository/javax/inject/javax.inject/1/javax.inject-1.jar:/home/chief/.m2/repository/org/apache/commons/commons-compress/1.23.0/commons-compress-1.23.0.jar:/home/chief/.m2/repository/org/iq80/snappy/snappy/0.4/snappy-0.4.jar:/home/chief/.m2/repository/org/tukaani/xz/1.9/xz-1.9.jar:/home/chief/.m2/repository/com/github/luben/zstd-jni/1.5.5-2/zstd-jni-1.5.5-2.jar:/home/chief/.m2/repository/org/codehaus/plexus/plexus-interpolation/1.26/plexus-interpolation-1.26.jar:/home/chief/.m2/repository/org/apache/maven/shared/maven-filtering/3.3.1/maven-filtering-3.3.1.jar:/home/chief/.m2/repository/org/sonatype/plexus/plexus-build-api/0.0.7/plexus-build-api-0.0.7.jar:/home/chief/.m2/repository/org/apache/maven/shared/maven-mapping/3.0.0/maven-mapping-3.0.0.jar:/home/chief/.m2/repository/org/apache/maven/maven-core/3.0/maven-core-3.0.jar:/home/chief/.m2/repository/org/apache/maven/maven-model/3.0/maven-model-3.0.jar:/home/chief/.m2/repository/org/apache/maven/maven-settings/3.0/maven-settings-3.0.jar:/home/chief/.m2/repository/org/apache/maven/maven-settings-builder/3.0/maven-settings-builder-3.0.jar:/home/chief/.m2/repository/org/apache/maven/maven-repository-metadata/3.0/maven-repository-metadata-3.0.jar:/home/chief/.m2/repository/org/apache/maven/maven-artifact/3.0/maven-artifact-3.0.jar:/home/chief/.m2/repository/org/apache/maven/maven-plugin-api/3.0/maven-plugin-api-3.0.jar:/home/chief/.m2/repository/org/apache/maven/maven-model-builder/3.0/maven-model-builder-3.0.jar:/home/chief/.m2/repository/org/apache/maven/maven-aether-provider/3.0/maven-aether-provider-3.0.jar:/home/chief/.m2/repository/org/sonatype/aether/aether-impl/1.7/aether-impl-1.7.jar:/home/chief/.m2/repository/org/sonatype/aether/aether-spi/1.7/aether-spi-1.7.jar:/home/chief/.m2/repository/org/sonatype/aether/aether-api/1.7/aether-api-1.7.jar:/home/chief/.m2/repository/org/sonatype/aether/aether-util/1.7/aether-util-1.7.jar:/home/chief/.m2/repository/org/sonatype/sisu/sisu-inject-plexus/1.4.2/sisu-inject-plexus-1.4.2.jar:/home/chief/.m2/repository/org/sonatype/sisu/sisu-inject-bean/1.4.2/sisu-inject-bean-1.4.2.jar:/home/chief/.m2/repository/org/sonatype/sisu/sisu-guice/2.1.7/sisu-guice-2.1.7-noaop.jar:/home/chief/.m2/repository/org/codehaus/plexus/plexus-classworlds/2.2.3/plexus-classworlds-2.2.3.jar:/home/chief/.m2/repository/org/codehaus/plexus/plexus-component-annotations/1.5.5/plexus-component-annotations-1.5.5.jar:/home/chief/.m2/repository/org/sonatype/plexus/plexus-sec-dispatcher/1.3/plexus-sec-dispatcher-1.3.jar:/home/chief/.m2/repository/org/sonatype/plexus/plexus-cipher/1.4/plexus-cipher-1.4.jar:/home/chief/.m2/repository/com/fasterxml/jackson/core/jackson-databind/2.12.5/jackson-databind-2.12.5.jar:/home/chief/.m2/repository/com/fasterxml/jackson/core/jackson-annotations/2.12.5/jackson-annotations-2.12.5.jar:/home/chief/.m2/repository/com/fasterxml/jackson/core/jackson-core/2.12.5/jackson-core-2.12.5.jar:/home/chief/.m2/repository/javax/javaee-api/8.0.1/javaee-api-8.0.1.jar:/home/chief/.m2/repository/com/sun/mail/javax.mail/1.6.2/javax.mail-1.6.2.jar:/home/chief/.m2/repository/javax/activation/activation/1.1/activation-1.1.jar:/home/chief/.m2/repository/org/wildfly/core/wildfly-server/23.0.0.Final/wildfly-server-23.0.0.Final.jar:/home/chief/.m2/repository/org/wildfly/core/wildfly-controller/23.0.0.Final/wildfly-controller-23.0.0.Final.jar:/home/chief/.m2/repository/org/wildfly/core/wildfly-controller-client/23.0.0.Final/wildfly-controller-client-23.0.0.Final.jar:/home/chief/.m2/repository/org/wildfly/core/wildfly-core-security/23.0.0.Final/wildfly-core-security-23.0.0.Final.jar:/home/chief/.m2/repository/org/wildfly/security/wildfly-elytron-auth/2.2.3.Final/wildfly-elytron-auth-2.2.3.Final.jar:/home/chief/.m2/repository/org/wildfly/security/wildfly-elytron-credential-source-impl/2.2.3.Final/wildfly-elytron-credential-source-impl-2.2.3.Final.jar:/home/chief/.m2/repository/org/wildfly/security/wildfly-elytron-password-impl/2.2.3.Final/wildfly-elytron-password-impl-2.2.3.Final.jar:/home/chief/.m2/repository/org/wildfly/security/wildfly-elytron-permission/2.2.3.Final/wildfly-elytron-permission-2.2.3.Final.jar:/home/chief/.m2/repository/org/wildfly/security/wildfly-elytron-sasl/2.2.3.Final/wildfly-elytron-sasl-2.2.3.Final.jar:/home/chief/.m2/repository/org/wildfly/security/wildfly-elytron-ssl/2.2.3.Final/wildfly-elytron-ssl-2.2.3.Final.jar:/home/chief/.m2/repository/org/wildfly/security/wildfly-elytron-util/2.2.3.Final/wildfly-elytron-util-2.2.3.Final.jar:/home/chief/.m2/repository/org/wildfly/security/wildfly-elytron-x500-cert-acme/2.2.3.Final/wildfly-elytron-x500-cert-acme-2.2.3.Final.jar:/home/chief/.m2/repository/org/wildfly/security/wildfly-elytron-x500-cert/2.2.3.Final/wildfly-elytron-x500-cert-2.2.3.Final.jar:/home/chief/.m2/repository/org/wildfly/security/wildfly-elytron-x500-cert-util/2.2.3.Final/wildfly-elytron-x500-cert-util-2.2.3.Final.jar:/home/chief/.m2/repository/org/wildfly/core/wildfly-service/23.0.0.Final/wildfly-service-23.0.0.Final.jar:/home/chief/.m2/repository/org/jboss/logmanager/jboss-logmanager/2.1.19.Final/jboss-logmanager-2.1.19.Final.jar:/home/chief/.m2/repository/org/jboss/staxmapper/1.5.0.Final/staxmapper-1.5.0.Final.jar:/home/chief/.m2/repository/org/projectodd/vdx/vdx-wildfly/1.1.6/vdx-wildfly-1.1.6.jar:/home/chief/.m2/repository/org/projectodd/vdx/vdx-core/1.1.6/vdx-core-1.1.6.jar:/home/chief/.m2/repository/org/yaml/snakeyaml/2.2/snakeyaml-2.2.jar:/home/chief/.m2/repository/org/wildfly/core/wildfly-core-management-client/23.0.0.Final/wildfly-core-management-client-23.0.0.Final.jar:/home/chief/.m2/repository/org/wildfly/core/wildfly-domain-http-interface/23.0.0.Final/wildfly-domain-http-interface-23.0.0.Final.jar:/home/chief/.m2/repository/org/wildfly/core/wildfly-domain-management/23.0.0.Final/wildfly-domain-management-23.0.0.Final.jar:/home/chief/.m2/repository/org/wildfly/security/wildfly-elytron-http-util/2.2.3.Final/wildfly-elytron-http-util-2.2.3.Final.jar:/home/chief/.m2/repository/org/wildfly/security/wildfly-elytron-sasl-digest/2.2.3.Final/wildfly-elytron-sasl-digest-2.2.3.Final.jar:/home/chief/.m2/repository/org/wildfly/security/wildfly-elytron-mechanism-digest/2.2.3.Final/wildfly-elytron-mechanism-digest-2.2.3.Final.jar:/home/chief/.m2/repository/org/wildfly/security/wildfly-elytron-http/2.2.3.Final/wildfly-elytron-http-2.2.3.Final.jar:/home/chief/.m2/repository/org/wildfly/security/elytron-web/undertow-server/4.0.0.Final/undertow-server-4.0.0.Final.jar:/home/chief/.m2/repository/org/wildfly/core/wildfly-deployment-repository/23.0.0.Final/wildfly-deployment-repository-23.0.0.Final.jar:/home/chief/.m2/repository/org/wildfly/core/wildfly-protocol/23.0.0.Final/wildfly-protocol-23.0.0.Final.jar:/home/chief/.m2/repository/org/wildfly/security/wildfly-elytron-sasl-localuser/2.2.3.Final/wildfly-elytron-sasl-localuser-2.2.3.Final.jar:/home/chief/.m2/repository/org/wildfly/core/wildfly-platform-mbean/23.0.0.Final/wildfly-platform-mbean-23.0.0.Final.jar:/home/chief/.m2/repository/org/wildfly/core/wildfly-process-controller/23.0.0.Final/wildfly-process-controller-23.0.0.Final.jar:/home/chief/.m2/repository/org/wildfly/core/wildfly-remoting/23.0.0.Final/wildfly-remoting-23.0.0.Final.jar:/home/chief/.m2/repository/org/wildfly/core/wildfly-io/23.0.0.Final/wildfly-io-23.0.0.Final.jar:/home/chief/.m2/repository/org/wildfly/security/wildfly-elytron-audit/2.2.3.Final/wildfly-elytron-audit-2.2.3.Final.jar:/home/chief/.m2/repository/org/wildfly/security/wildfly-elytron-auth-server-http/2.2.3.Final/wildfly-elytron-auth-server-http-2.2.3.Final.jar:/home/chief/.m2/repository/org/wildfly/security/wildfly-elytron-auth-server-sasl/2.2.3.Final/wildfly-elytron-auth-server-sasl-2.2.3.Final.jar:/home/chief/.m2/repository/org/wildfly/security/wildfly-elytron-auth-server-deprecated/2.2.3.Final/wildfly-elytron-auth-server-deprecated-2.2.3.Final.jar:/home/chief/.m2/repository/org/wildfly/security/wildfly-elytron-auth-util/2.2.3.Final/wildfly-elytron-auth-util-2.2.3.Final.jar:/home/chief/.m2/repository/org/wildfly/security/wildfly-elytron-mechanism-gssapi/2.2.3.Final/wildfly-elytron-mechanism-gssapi-2.2.3.Final.jar:/home/chief/.m2/repository/org/wildfly/security/wildfly-elytron-sasl-anonymous/2.2.3.Final/wildfly-elytron-sasl-anonymous-2.2.3.Final.jar:/home/chief/.m2/repository/org/jboss/xnio/xnio-api/3.8.12.Final/xnio-api-3.8.12.Final.jar:/home/chief/.m2/repository/org/wildfly/core/wildfly-network/23.0.0.Final/wildfly-network-23.0.0.Final.jar:/home/chief/.m2/repository/org/wildfly/security/wildfly-elytron-auth-server/2.2.3.Final/wildfly-elytron-auth-server-2.2.3.Final.jar:/home/chief/.m2/repository/org/wildfly/security/wildfly-elytron-base/2.2.3.Final/wildfly-elytron-base-2.2.3.Final.jar:/home/chief/.m2/repository/org/wildfly/security/wildfly-elytron-x500/2.2.3.Final/wildfly-elytron-x500-2.2.3.Final.jar:/home/chief/.m2/repository/org/wildfly/security/wildfly-elytron-client/2.2.3.Final/wildfly-elytron-client-2.2.3.Final.jar:/home/chief/.m2/repository/org/wildfly/security/wildfly-elytron-credential-store/2.2.3.Final/wildfly-elytron-credential-store-2.2.3.Final.jar:/home/chief/.m2/repository/org/wildfly/security/wildfly-elytron-encryption/2.2.3.Final/wildfly-elytron-encryption-2.2.3.Final.jar:/home/chief/.m2/repository/org/wildfly/security/wildfly-elytron-keystore/2.2.3.Final/wildfly-elytron-keystore-2.2.3.Final.jar:/home/chief/.m2/repository/org/wildfly/security/wildfly-elytron-mechanism/2.2.3.Final/wildfly-elytron-mechanism-2.2.3.Final.jar:/home/chief/.m2/repository/org/wildfly/security/wildfly-elytron-provider-util/2.2.3.Final/wildfly-elytron-provider-util-2.2.3.Final.jar:/home/chief/.m2/repository/org/wildfly/security/wildfly-elytron-ssh-util/2.2.3.Final/wildfly-elytron-ssh-util-2.2.3.Final.jar:/home/chief/.m2/repository/org/wildfly/security/wildfly-elytron-credential/2.2.3.Final/wildfly-elytron-credential-2.2.3.Final.jar:/home/chief/.m2/repository/org/wildfly/security/wildfly-elytron-asn1/2.2.3.Final/wildfly-elytron-asn1-2.2.3.Final.jar:/home/chief/.m2/repository/org/wildfly/security/wildfly-elytron-security-manager/2.2.3.Final/wildfly-elytron-security-manager-2.2.3.Final.jar:/home/chief/.m2/repository/org/wildfly/security/wildfly-elytron-security-manager-action/2.2.3.Final/wildfly-elytron-security-manager-action-2.2.3.Final.jar:/home/chief/.m2/repository/org/wildfly/core/wildfly-version/23.0.0.Final/wildfly-version-23.0.0.Final.jar:/home/chief/.m2/repository/io/smallrye/jandex/3.1.6/jandex-3.1.6.jar:/home/chief/.m2/repository/org/jboss/jboss-dmr/1.7.0.Final/jboss-dmr-1.7.0.Final.jar:/home/chief/.m2/repository/org/jboss/classfilewriter/jboss-classfilewriter/1.3.0.Final/jboss-classfilewriter-1.3.0.Final.jar:/home/chief/.m2/repository/org/jboss/invocation/jboss-invocation/2.0.0.Final/jboss-invocation-2.0.0.Final.jar:/home/chief/.m2/repository/org/jboss/logging/jboss-logging/3.5.3.Final/jboss-logging-3.5.3.Final.jar:/home/chief/.m2/repository/org/jboss/marshalling/jboss-marshalling/2.1.3.SP1/jboss-marshalling-2.1.3.SP1.jar:/home/chief/.m2/repository/org/jboss/modules/jboss-modules/2.1.2.Final/jboss-modules-2.1.2.Final.jar:/home/chief/.m2/repository/org/jboss/msc/jboss-msc/1.5.2.Final/jboss-msc-1.5.2.Final.jar:/home/chief/.m2/repository/org/jboss/remoting/jboss-remoting/5.0.27.Final/jboss-remoting-5.0.27.Final.jar:/home/chief/.m2/repository/org/wildfly/client/wildfly-client-config/1.0.1.Final/wildfly-client-config-1.0.1.Final.jar:/home/chief/.m2/repository/org/wildfly/security/wildfly-elytron-sasl-auth-util/1.20.2.Final/wildfly-elytron-sasl-auth-util-1.20.2.Final.jar:/home/chief/.m2/repository/org/wildfly/security/wildfly-elytron-realm/1.20.2.Final/wildfly-elytron-realm-1.20.2.Final.jar:/home/chief/.m2/repository/org/jboss/stdio/jboss-stdio/1.1.0.Final/jboss-stdio-1.1.0.Final.jar:/home/chief/.m2/repository/org/jboss/threads/jboss-threads/2.4.0.Final/jboss-threads-2.4.0.Final.jar:/home/chief/.m2/repository/org/jboss/jboss-vfs/3.3.0.Final/jboss-vfs-3.3.0.Final.jar:/home/chief/.m2/repository/io/undertow/undertow-core/2.3.10.Final/undertow-core-2.3.10.Final.jar:/home/chief/.m2/repository/org/jboss/xnio/xnio-nio/3.8.8.Final/xnio-nio-3.8.8.Final.jar:/home/chief/.m2/repository/org/wildfly/common/wildfly-common/1.7.0.Final/wildfly-common-1.7.0.Final.jar:/home/chief/.m2/repository/org/eclipse/jgit/org.eclipse.jgit.ssh.apache/6.8.0.202311291450-r/org.eclipse.jgit.ssh.apache-6.8.0.202311291450-r.jar:/home/chief/.m2/repository/org/eclipse/jgit/org.eclipse.jgit/6.8.0.202311291450-r/org.eclipse.jgit-6.8.0.202311291450-r.jar:/home/chief/.m2/repository/com/googlecode/javaewah/JavaEWAH/1.2.3/JavaEWAH-1.2.3.jar:/home/chief/.m2/repository/org/apache/sshd/sshd-common/2.11.0/sshd-common-2.11.0.jar:/home/chief/.m2/repository/org/apache/sshd/sshd-core/2.11.0/sshd-core-2.11.0.jar:/home/chief/.m2/repository/commons-beanutils/commons-beanutils/1.9.4/commons-beanutils-1.9.4.jar:/home/chief/.m2/repository/commons-logging/commons-logging/1.2/commons-logging-1.2.jar:/home/chief/.m2/repository/commons-collections/commons-collections/3.2.2/commons-collections-3.2.2.jar:/home/chief/.m2/repository/org/apache/commons/commons-lang3/3.13.0/commons-lang3-3.13.0.jar:/home/chief/.m2/repository/javax/servlet/javax.servlet-api/4.0.1/javax.servlet-api-4.0.1.jar:/home/chief/.m2/repository/mysql/mysql-connector-java/8.0.28/mysql-connector-java-8.0.28.jar:/home/chief/.m2/repository/com/google/protobuf/protobuf-java/3.11.4/protobuf-java-3.11.4.jar:/home/chief/.m2/repository/org/hibernate/hibernate-core/5.6.15.Final/hibernate-core-5.6.15.Final.jar:/home/chief/.m2/repository/javax/persistence/javax.persistence-api/2.2/javax.persistence-api-2.2.jar:/home/chief/.m2/repository/antlr/antlr/2.7.7/antlr-2.7.7.jar:/home/chief/.m2/repository/org/jboss/spec/javax/transaction/jboss-transaction-api_1.2_spec/1.1.1.Final/jboss-transaction-api_1.2_spec-1.1.1.Final.jar:/home/chief/.m2/repository/org/jboss/jandex/2.4.2.Final/jandex-2.4.2.Final.jar:/home/chief/.m2/repository/com/fasterxml/classmate/1.5.1/classmate-1.5.1.jar:/home/chief/.m2/repository/javax/activation/javax.activation-api/1.2.0/javax.activation-api-1.2.0.jar:/home/chief/.m2/repository/org/hibernate/common/hibernate-commons-annotations/5.1.2.Final/hibernate-commons-annotations-5.1.2.Final.jar:/home/chief/.m2/repository/javax/xml/bind/jaxb-api/2.3.1/jaxb-api-2.3.1.jar:/home/chief/.m2/repository/org/glassfish/jaxb/jaxb-runtime/2.3.1/jaxb-runtime-2.3.1.jar:/home/chief/.m2/repository/org/glassfish/jaxb/txw2/2.3.1/txw2-2.3.1.jar:/home/chief/.m2/repository/com/sun/istack/istack-commons-runtime/3.0.7/istack-commons-runtime-3.0.7.jar:/home/chief/.m2/repository/org/jvnet/staxex/stax-ex/1.8/stax-ex-1.8.jar:/home/chief/.m2/repository/com/sun/xml/fastinfoset/FastInfoset/1.2.15/FastInfoset-1.2.15.jar:"/>
    <property name="sun.cpu.endian" value="little"/>
    <property name="user.home" value="/home/chief"/>
    <property name="user.language" value="en"/>
    <property name="java.specification.vendor" value="Oracle Corporation"/>
    <property name="java.version.date" value="2023-10-17"/>
    <property name="java.home" value="/usr/lib/jvm/jdk-17-oracle-x64"/>
    <property name="file.separator" value="/"/>
    <property name="basedir" value="/home/chief/Desktop/projects/Votify-v2"/>
    <property name="java.vm.compressedOopsMode" value="32-bit"/>
    <property name="line.separator" value="&#10;"/>
    <property name="java.vm.specification.vendor" value="Oracle Corporation"/>
    <property name="java.specification.name" value="Java Platform API Specification"/>
    <property name="surefire.real.class.path" value="/home/chief/Desktop/projects/Votify-v2/target/surefire/surefirebooter4766144772634688841.jar"/>
    <property name="sun.management.compiler" value="HotSpot 64-Bit Tiered Compilers"/>
    <property name="java.runtime.version" value="17.0.9+11-LTS-201"/>
    <property name="user.name" value="chief"/>
    <property name="path.separator" value=":"/>
    <property name="os.version" value="6.5.0-18-generic"/>
    <property name="java.runtime.name" value="Java(TM) SE Runtime Environment"/>
    <property name="file.encoding" value="UTF-8"/>
    <property name="java.vm.name" value="Java HotSpot(TM) 64-Bit Server VM"/>
    <property name="localRepository" value="/home/chief/.m2/repository"/>
    <property name="java.vendor.url.bug" value="https://bugreport.java.com/bugreport/"/>
    <property name="java.io.tmpdir" value="/tmp"/>
    <property name="java.version" value="17.0.9"/>
    <property name="user.dir" value="/home/chief/Desktop/projects/Votify-v2"/>
    <property name="os.arch" value="amd64"/>
    <property name="java.vm.specification.name" value="Java Virtual Machine Specification"/>
    <property name="native.encoding" value="UTF-8"/>
    <property name="java.library.path" value="/usr/java/packages/lib:/usr/lib64:/lib64:/lib:/usr/lib"/>
    <property name="java.vm.info" value="mixed mode, sharing"/>
    <property name="java.vendor" value="Oracle Corporation"/>
    <property name="java.vm.version" value="17.0.9+11-LTS-201"/>
    <property name="sun.io.unicode.encoding" value="UnicodeLittle"/>
    <property name="java.class.version" value="61.0"/>
  </properties>
  <testcase name="testActual" classname="com.votifysoft.App" time="0.011">
    <system-out><![CDATA[This is executed!!
Second to be executed!!
]]></system-out>
    <system-err><![CDATA[SLF4J: Failed to load class "org.slf4j.impl.StaticLoggerBinder".
SLF4J: Defaulting to no-operation (NOP) logger implementation
SLF4J: See http://www.slf4j.org/codes.html#StaticLoggerBinder for further details.
]]></system-err>
  </testcase>
  <testcase name="testAddOrUpdateUser_DuplicateUser" classname="com.votifysoft.UserBeanTest" time="0"/>
  <testcase name="testAddOrUpdateUser_Exception" classname="com.votifysoft.UserBeanTest" time="0.001"/>
  <testcase name="testAddOrUpdateUser_Success" classname="com.votifysoft.UserBeanTest" time="0.001"/>
  <testcase name="testGetAllUsers" classname="com.votifysoft.UserBeanTest" time="0.003"/>
  <testcase name="testGetUserById" classname="com.votifysoft.UserBeanTest" time="0.001"/>
  <testcase name="testGetUserById_UserNotFound" classname="com.votifysoft.UserBeanTest" time="0.002"/>
</testsuite>