<?xml version="1.0" encoding="UTF-8"?>
<!-- Generated by org.testng.reporters.JUnitReportReporter -->
<testsuite hostname="BARACUDA-PC" failures="0" tests="1" name="com.votifysoft.App" time="0.002" errors="0" timestamp="2024-02-19T18:35:50 EAT" skipped="0">
  <testcase classname="com.votifysoft.App" name="testActual" time="0.002"/>
</testsuite> <!-- com.votifysoft.App -->
