<?xml version="1.0" encoding="UTF-8"?>
<!-- Generated by org.testng.reporters.JUnitReportReporter -->
<testsuite hostname="BARACUDA-PC" failures="0" tests="6" name="com.votifysoft.UserBeanTest" time="0.007" errors="0" timestamp="2024-02-19T18:35:50 EAT" skipped="0">
  <testcase classname="com.votifysoft.UserBeanTest" name="testAddOrUpdateUser_Exception" time="0.001"/>
  <testcase classname="com.votifysoft.UserBeanTest" name="testAddOrUpdateUser_Success" time="0.001"/>
  <testcase classname="com.votifysoft.UserBeanTest" name="testAddOrUpdateUser_DuplicateUser" time="0.001"/>
  <testcase classname="com.votifysoft.UserBeanTest" name="testGetUserById" time="0.001"/>
  <testcase classname="com.votifysoft.UserBeanTest" name="testGetUserById_UserNotFound" time="0.001"/>
  <testcase classname="com.votifysoft.UserBeanTest" name="testGetAllUsers" time="0.002"/>
</testsuite> <!-- com.votifysoft.UserBeanTest -->
